<?xml version="1.0" encoding="UTF-8"?>
<!-- Generated by org.testng.reporters.JUnitXMLReporter -->
<testsuite hostname="QA-SARATHKUMAR-LAP" ignored="0" name="Default test" tests="4" failures="0" timestamp="2022-02-18T12:36:57 IST" time="295.164" errors="0">
  <testcase name="configchecker2" time="119.709" classname="test.Regressiontest.InventoryValidation"/>
  <testcase name="configchecker2" time="0.005" classname="test.Regressiontest.InventoryValidation"/>
  <testcase name="LoginPositive" time="92.404" classname="test.Regressiontest.InventoryValidation"/>
  <testcase name="LoginPositive" time="81.998" classname="test.Regressiontest.InventoryValidation"/>
</testsuite> <!-- Default test -->
