<?xml version="1.0" encoding="UTF-8"?>
<!-- Generated by org.testng.reporters.JUnitXMLReporter -->
<testsuite hostname="QA-SARATHKUMAR-LAP" ignored="0" name="Parallel Tests" tests="4" failures="0" timestamp="2022-02-01T12:37:24 IST" time="236.626" errors="0">
  <testcase name="configchecker2" time="111.99" classname="test.Regressiontest.InventoryValidation"/>
  <testcase name="configchecker2" time="0.002" classname="test.Regressiontest.InventoryValidation"/>
  <testcase name="LoginPositive" time="60.72" classname="test.Regressiontest.InventoryValidation"/>
  <testcase name="LoginPositive" time="61.751" classname="test.Regressiontest.InventoryValidation"/>
</testsuite> <!-- Parallel Tests -->
